Flow report for raytracing
Fri Apr 21 18:39:40 2017
Quartus Prime Version 16.0.2 Build 222 07/20/2016 SJ Standard Edition


---------------------
; Table of Contents ;
---------------------
  1. Legal Notice
  2. Flow Summary
  3. Flow Settings
  4. Flow Non-Default Global Settings
  5. Flow Elapsed Time
  6. Flow OS Summary
  7. Flow Log
  8. Flow Messages
  9. Flow Suppressed Messages



----------------
; Legal Notice ;
----------------
Copyright (C) 1991-2016 Altera Corporation. All rights reserved.
Your use of Altera Corporation's design tools, logic functions 
and other software and tools, and its AMPP partner logic 
functions, and any output files from any of the foregoing 
(including device programming or simulation files), and any 
associated documentation or information are expressly subject 
to the terms and conditions of the Altera Program License 
Subscription Agreement, the Altera Quartus Prime License Agreement,
the Altera MegaCore Function License Agreement, or other 
applicable license agreement, including, without limitation, 
that your use is for the sole purpose of programming logic 
devices manufactured by Altera and sold by Altera or its 
authorized distributors.  Please refer to the applicable 
agreement for further details.



+--------------------------------------------------------------------------------------+
; Flow Summary                                                                         ;
+------------------------------------+-------------------------------------------------+
; Flow Status                        ; Successful - Fri Apr 21 18:38:57 2017           ;
; Quartus Prime Version              ; 16.0.2 Build 222 07/20/2016 SJ Standard Edition ;
; Revision Name                      ; raytracing                                      ;
; Top-level Entity Name              ; top                                             ;
; Family                             ; Cyclone IV E                                    ;
; Device                             ; EP4CE115F29C7                                   ;
; Timing Models                      ; Final                                           ;
; Total logic elements               ; 77,590 / 114,480 ( 68 % )                       ;
;     Total combinational functions  ; 69,548 / 114,480 ( 61 % )                       ;
;     Dedicated logic registers      ; 56,145 / 114,480 ( 49 % )                       ;
; Total registers                    ; 56264                                           ;
; Total pins                         ; 88 / 529 ( 17 % )                               ;
; Total virtual pins                 ; 0                                               ;
; Total memory bits                  ; 1,532,137 / 3,981,312 ( 38 % )                  ;
; Embedded Multiplier 9-bit elements ; 398 / 532 ( 75 % )                              ;
; Total PLLs                         ; 1 / 4 ( 25 % )                                  ;
+------------------------------------+-------------------------------------------------+


+-----------------------------------------+
; Flow Settings                           ;
+-------------------+---------------------+
; Option            ; Setting             ;
+-------------------+---------------------+
; Start date & time ; 04/21/2017 18:16:53 ;
; Main task         ; Compilation         ;
; Revision Name     ; raytracing          ;
+-------------------+---------------------+


+-----------------------------------------------------------------------------------------------------------------------------------------------+
; Flow Non-Default Global Settings                                                                                                              ;
+-------------------------------------+---------------------------------------+--------------------------------------+-------------+------------+
; Assignment Name                     ; Value                                 ; Default Value                        ; Entity Name ; Section Id ;
+-------------------------------------+---------------------------------------+--------------------------------------+-------------+------------+
; COMPILER_SIGNATURE_ID               ; 0.149279141327899                     ; --                                   ; --          ; --         ;
; MAX_CORE_JUNCTION_TEMP              ; 85                                    ; --                                   ; --          ; --         ;
; MIN_CORE_JUNCTION_TEMP              ; 0                                     ; --                                   ; --          ; --         ;
; NUM_PARALLEL_PROCESSORS             ; 4                                     ; --                                   ; --          ; --         ;
; OUTPUT_IO_TIMING_FAR_END_VMEAS      ; Half Signal Swing                     ; --                                   ; --          ; --         ;
; OUTPUT_IO_TIMING_FAR_END_VMEAS      ; Half Signal Swing                     ; --                                   ; --          ; --         ;
; OUTPUT_IO_TIMING_NEAR_END_VMEAS     ; Half Vccio                            ; --                                   ; --          ; --         ;
; OUTPUT_IO_TIMING_NEAR_END_VMEAS     ; Half Vccio                            ; --                                   ; --          ; --         ;
; PARTITION_COLOR                     ; 16764057                              ; --                                   ; top         ; Top        ;
; PARTITION_FITTER_PRESERVATION_LEVEL ; PLACEMENT_AND_ROUTING                 ; --                                   ; top         ; Top        ;
; PARTITION_NETLIST_TYPE              ; SOURCE                                ; --                                   ; top         ; Top        ;
; POWER_BOARD_THERMAL_MODEL           ; None (CONSERVATIVE)                   ; --                                   ; --          ; --         ;
; POWER_PRESET_COOLING_SOLUTION       ; 23 MM HEAT SINK WITH 200 LFPM AIRFLOW ; --                                   ; --          ; --         ;
; PROJECT_IP_REGENERATION_POLICY      ; ALWAYS_REGENERATE_IP                  ; SKIP_REGENERATING_IP_IF_HDL_MODIFIED ; --          ; --         ;
; PROJECT_OUTPUT_DIRECTORY            ; output_files                          ; --                                   ; --          ; --         ;
; SMART_RECOMPILE                     ; On                                    ; Off                                  ; --          ; --         ;
; TOP_LEVEL_ENTITY                    ; top                                   ; raytracing                           ; --          ; --         ;
; VHDL_INPUT_VERSION                  ; VHDL_2008                             ; VHDL_1993                            ; --          ; --         ;
; VHDL_SHOW_LMF_MAPPING_MESSAGES      ; Off                                   ; --                                   ; --          ; --         ;
+-------------------------------------+---------------------------------------+--------------------------------------+-------------+------------+


+-------------------------------------------------------------------------------------------------------------------------------+
; Flow Elapsed Time                                                                                                             ;
+---------------------------+--------------+-------------------------+---------------------+------------------------------------+
; Module Name               ; Elapsed Time ; Average Processors Used ; Peak Virtual Memory ; Total CPU Time (on all processors) ;
+---------------------------+--------------+-------------------------+---------------------+------------------------------------+
; Analysis & Synthesis      ; 00:06:30     ; 1.0                     ; 2466 MB             ; 00:07:14                           ;
; Fitter                    ; 00:14:35     ; 1.1                     ; 3437 MB             ; 00:32:34                           ;
; Assembler                 ; 00:00:12     ; 1.0                     ; 1539 MB             ; 00:00:10                           ;
; TimeQuest Timing Analyzer ; 00:00:40     ; 1.5                     ; 2303 MB             ; 00:00:55                           ;
; Total                     ; 00:21:57     ; --                      ; --                  ; 00:40:53                           ;
+---------------------------+--------------+-------------------------+---------------------+------------------------------------+


+--------------------------------------------------------------------------------------------------------+
; Flow OS Summary                                                                                        ;
+---------------------------+-----------------------------+--------------+--------------+----------------+
; Module Name               ; Machine Hostname            ; OS Name      ; OS Version   ; Processor type ;
+---------------------------+-----------------------------+--------------+--------------+----------------+
; Analysis & Synthesis      ; ecslab9.ecslab.tuwien.ac.at ; CentOS Linux ; CentOS Linux ; x86_64         ;
; Fitter                    ; ecslab9.ecslab.tuwien.ac.at ; CentOS Linux ; CentOS Linux ; x86_64         ;
; Assembler                 ; ecslab9.ecslab.tuwien.ac.at ; CentOS Linux ; CentOS Linux ; x86_64         ;
; TimeQuest Timing Analyzer ; ecslab9.ecslab.tuwien.ac.at ; CentOS Linux ; CentOS Linux ; x86_64         ;
+---------------------------+-----------------------------+--------------+--------------+----------------+


------------
; Flow Log ;
------------
quartus_map --read_settings_files=on --write_settings_files=off raytracing -c raytracing
quartus_fit --read_settings_files=off --write_settings_files=off raytracing -c raytracing
quartus_asm --read_settings_files=off --write_settings_files=off raytracing -c raytracing
quartus_sta raytracing -c raytracing



